<?xml version="1.0" encoding="UTF-8"?>
<testng-results skipped="0" failed="0" total="1" passed="1">
  <reporter-output>
  </reporter-output>
  <suite name="Default suite" duration-ms="981" started-at="2019-11-21T09:03:01Z" finished-at="2019-11-21T09:03:02Z">
    <groups>
    </groups>
    <test name="Default test" duration-ms="981" started-at="2019-11-21T09:03:01Z" finished-at="2019-11-21T09:03:02Z">
      <class name="ExceldataReader.ExcelDataRed">
        <test-method status="PASS" signature="RedDataExl()[pri:0, instance:ExceldataReader.ExcelDataRed@7006c658]" name="RedDataExl" duration-ms="951" started-at="2019-11-21T14:33:01Z" finished-at="2019-11-21T14:33:02Z">
          <reporter-output>
          </reporter-output>
        </test-method> <!-- RedDataExl -->
      </class> <!-- ExceldataReader.ExcelDataRed -->
    </test> <!-- Default test -->
  </suite> <!-- Default suite -->
</testng-results>
